<?xml version="1.0" encoding="UTF-8"?>
<testsuite xmlns:xsi="http://www.w3.org/2001/XMLSchema-instance" xsi:noNamespaceSchemaLocation="https://maven.apache.org/surefire/maven-surefire-plugin/xsd/surefire-test-report.xsd" name="com.revature.fantasyfootball.model.UserTest" time="0.001" tests="3" errors="0" skipped="0" failures="0">
  <properties>
    <property name="java.specification.version" value="14"/>
    <property name="sun.cpu.isalist" value="amd64"/>
    <property name="sun.jnu.encoding" value="Cp1252"/>
    <property name="java.class.path" value="C:\Users\moria\eclipse-workspace\FantasyFootball\target\test-classes;C:\Users\moria\eclipse-workspace\FantasyFootball\target\classes;C:\Users\moria\.m2\repository\org\junit\jupiter\junit-jupiter-engine\5.4.0\junit-jupiter-engine-5.4.0.jar;C:\Users\moria\.m2\repository\org\apiguardian\apiguardian-api\1.0.0\apiguardian-api-1.0.0.jar;C:\Users\moria\.m2\repository\org\junit\platform\junit-platform-engine\1.4.0\junit-platform-engine-1.4.0.jar;C:\Users\moria\.m2\repository\org\opentest4j\opentest4j\1.1.1\opentest4j-1.1.1.jar;C:\Users\moria\.m2\repository\org\junit\platform\junit-platform-commons\1.4.0\junit-platform-commons-1.4.0.jar;C:\Users\moria\.m2\repository\org\junit\jupiter\junit-jupiter-api\5.4.0\junit-jupiter-api-5.4.0.jar;C:\Users\moria\.m2\repository\org\postgresql\postgresql\42.2.12\postgresql-42.2.12.jar;C:\Users\moria\.m2\repository\org\apache\logging\log4j\log4j-api\2.13.3\log4j-api-2.13.3.jar;C:\Users\moria\.m2\repository\org\apache\logging\log4j\log4j-core\2.13.3\log4j-core-2.13.3.jar;C:\Users\moria\.m2\repository\org\glassfish\jersey\containers\jersey-container-servlet\2.31\jersey-container-servlet-2.31.jar;C:\Users\moria\.m2\repository\org\glassfish\jersey\containers\jersey-container-servlet-core\2.31\jersey-container-servlet-core-2.31.jar;C:\Users\moria\.m2\repository\org\glassfish\hk2\external\jakarta.inject\2.6.1\jakarta.inject-2.6.1.jar;C:\Users\moria\.m2\repository\org\glassfish\jersey\core\jersey-common\2.31\jersey-common-2.31.jar;C:\Users\moria\.m2\repository\jakarta\annotation\jakarta.annotation-api\1.3.5\jakarta.annotation-api-1.3.5.jar;C:\Users\moria\.m2\repository\org\glassfish\hk2\osgi-resource-locator\1.0.3\osgi-resource-locator-1.0.3.jar;C:\Users\moria\.m2\repository\com\sun\activation\jakarta.activation\1.2.2\jakarta.activation-1.2.2.jar;C:\Users\moria\.m2\repository\org\glassfish\jersey\core\jersey-server\2.31\jersey-server-2.31.jar;C:\Users\moria\.m2\repository\org\glassfish\jersey\core\jersey-client\2.31\jersey-client-2.31.jar;C:\Users\moria\.m2\repository\org\glassfish\jersey\media\jersey-media-jaxb\2.31\jersey-media-jaxb-2.31.jar;C:\Users\moria\.m2\repository\jakarta\validation\jakarta.validation-api\2.0.2\jakarta.validation-api-2.0.2.jar;C:\Users\moria\.m2\repository\jakarta\xml\bind\jakarta.xml.bind-api\2.3.3\jakarta.xml.bind-api-2.3.3.jar;C:\Users\moria\.m2\repository\jakarta\ws\rs\jakarta.ws.rs-api\2.1.6\jakarta.ws.rs-api-2.1.6.jar;C:\Users\moria\.m2\repository\org\glassfish\jersey\media\jersey-media-json-jackson\2.31\jersey-media-json-jackson-2.31.jar;C:\Users\moria\.m2\repository\org\glassfish\jersey\ext\jersey-entity-filtering\2.31\jersey-entity-filtering-2.31.jar;C:\Users\moria\.m2\repository\com\fasterxml\jackson\core\jackson-annotations\2.10.1\jackson-annotations-2.10.1.jar;C:\Users\moria\.m2\repository\com\fasterxml\jackson\core\jackson-databind\2.10.1\jackson-databind-2.10.1.jar;C:\Users\moria\.m2\repository\com\fasterxml\jackson\core\jackson-core\2.10.1\jackson-core-2.10.1.jar;C:\Users\moria\.m2\repository\com\fasterxml\jackson\module\jackson-module-jaxb-annotations\2.10.1\jackson-module-jaxb-annotations-2.10.1.jar;C:\Users\moria\.m2\repository\jakarta\activation\jakarta.activation-api\1.2.1\jakarta.activation-api-1.2.1.jar;C:\Users\moria\.m2\repository\org\glassfish\jersey\inject\jersey-hk2\2.31\jersey-hk2-2.31.jar;C:\Users\moria\.m2\repository\org\glassfish\hk2\hk2-locator\2.6.1\hk2-locator-2.6.1.jar;C:\Users\moria\.m2\repository\org\glassfish\hk2\external\aopalliance-repackaged\2.6.1\aopalliance-repackaged-2.6.1.jar;C:\Users\moria\.m2\repository\org\glassfish\hk2\hk2-api\2.6.1\hk2-api-2.6.1.jar;C:\Users\moria\.m2\repository\org\glassfish\hk2\hk2-utils\2.6.1\hk2-utils-2.6.1.jar;C:\Users\moria\.m2\repository\org\javassist\javassist\3.25.0-GA\javassist-3.25.0-GA.jar;C:\Users\moria\.m2\repository\org\wildfly\plugins\wildfly-maven-plugin\2.0.2.Final\wildfly-maven-plugin-2.0.2.Final.jar;C:\Users\moria\.m2\repository\javax\inject\javax.inject\1\javax.inject-1.jar;C:\Users\moria\.m2\repository\org\apache\commons\commons-compress\1.19\commons-compress-1.19.jar;C:\Users\moria\.m2\repository\org\apache\maven\maven-core\3.3.1\maven-core-3.3.1.jar;C:\Users\moria\.m2\repository\org\apache\maven\maven-model\3.3.1\maven-model-3.3.1.jar;C:\Users\moria\.m2\repository\org\apache\maven\maven-settings\3.3.1\maven-settings-3.3.1.jar;C:\Users\moria\.m2\repository\org\apache\maven\maven-settings-builder\3.3.1\maven-settings-builder-3.3.1.jar;C:\Users\moria\.m2\repository\org\apache\maven\maven-builder-support\3.3.1\maven-builder-support-3.3.1.jar;C:\Users\moria\.m2\repository\org\apache\maven\maven-repository-metadata\3.3.1\maven-repository-metadata-3.3.1.jar;C:\Users\moria\.m2\repository\org\apache\maven\maven-artifact\3.3.1\maven-artifact-3.3.1.jar;C:\Users\moria\.m2\repository\org\apache\maven\maven-model-builder\3.3.1\maven-model-builder-3.3.1.jar;C:\Users\moria\.m2\repository\com\google\guava\guava\18.0\guava-18.0.jar;C:\Users\moria\.m2\repository\org\apache\maven\maven-aether-provider\3.3.1\maven-aether-provider-3.3.1.jar;C:\Users\moria\.m2\repository\org\eclipse\aether\aether-spi\1.0.2.v20150114\aether-spi-1.0.2.v20150114.jar;C:\Users\moria\.m2\repository\org\eclipse\aether\aether-impl\1.0.2.v20150114\aether-impl-1.0.2.v20150114.jar;C:\Users\moria\.m2\repository\org\eclipse\aether\aether-util\1.0.2.v20150114\aether-util-1.0.2.v20150114.jar;C:\Users\moria\.m2\repository\org\eclipse\sisu\org.eclipse.sisu.plexus\0.3.0\org.eclipse.sisu.plexus-0.3.0.jar;C:\Users\moria\.m2\repository\javax\enterprise\cdi-api\1.0\cdi-api-1.0.jar;C:\Users\moria\.m2\repository\javax\annotation\jsr250-api\1.0\jsr250-api-1.0.jar;C:\Users\moria\.m2\repository\org\eclipse\sisu\org.eclipse.sisu.inject\0.3.0\org.eclipse.sisu.inject-0.3.0.jar;C:\Users\moria\.m2\repository\org\sonatype\sisu\sisu-guice\3.2.5\sisu-guice-3.2.5-no_aop.jar;C:\Users\moria\.m2\repository\aopalliance\aopalliance\1.0\aopalliance-1.0.jar;C:\Users\moria\.m2\repository\org\codehaus\plexus\plexus-interpolation\1.21\plexus-interpolation-1.21.jar;C:\Users\moria\.m2\repository\org\codehaus\plexus\plexus-utils\3.0.20\plexus-utils-3.0.20.jar;C:\Users\moria\.m2\repository\org\codehaus\plexus\plexus-classworlds\2.5.2\plexus-classworlds-2.5.2.jar;C:\Users\moria\.m2\repository\org\codehaus\plexus\plexus-component-annotations\1.5.5\plexus-component-annotations-1.5.5.jar;C:\Users\moria\.m2\repository\org\sonatype\plexus\plexus-sec-dispatcher\1.3\plexus-sec-dispatcher-1.3.jar;C:\Users\moria\.m2\repository\org\sonatype\plexus\plexus-cipher\1.4\plexus-cipher-1.4.jar;C:\Users\moria\.m2\repository\org\apache\maven\maven-plugin-api\3.3.1\maven-plugin-api-3.3.1.jar;C:\Users\moria\.m2\repository\org\eclipse\aether\aether-api\1.1.0\aether-api-1.1.0.jar;C:\Users\moria\.m2\repository\org\jboss\jdf\stacks-client\1.0.3.Final\stacks-client-1.0.3.Final.jar;C:\Users\moria\.m2\repository\org\yaml\snakeyaml\1.13\snakeyaml-1.13.jar;C:\Users\moria\.m2\repository\org\apache\httpcomponents\httpclient\4.0.1\httpclient-4.0.1.jar;C:\Users\moria\.m2\repository\org\apache\httpcomponents\httpcore\4.0.1\httpcore-4.0.1.jar;C:\Users\moria\.m2\repository\commons-logging\commons-logging\1.1.1\commons-logging-1.1.1.jar;C:\Users\moria\.m2\repository\commons-codec\commons-codec\1.3\commons-codec-1.3.jar;C:\Users\moria\.m2\repository\org\jboss\modules\jboss-modules\1.8.6.Final\jboss-modules-1.8.6.Final.jar;C:\Users\moria\.m2\repository\org\wildfly\core\wildfly-cli\6.0.2.Final\wildfly-cli-6.0.2.Final.jar;C:\Users\moria\.m2\repository\org\aesh\aesh-readline\1.10\aesh-readline-1.10.jar;C:\Users\moria\.m2\repository\org\fusesource\jansi\jansi\1.17\jansi-1.17.jar;C:\Users\moria\.m2\repository\org\aesh\aesh\1.7\aesh-1.7.jar;C:\Users\moria\.m2\repository\org\aesh\aesh-extensions\1.6\aesh-extensions-1.6.jar;C:\Users\moria\.m2\repository\org\jboss\staxmapper\1.3.0.Final\staxmapper-1.3.0.Final.jar;C:\Users\moria\.m2\repository\org\wildfly\common\wildfly-common\1.4.0.Final\wildfly-common-1.4.0.Final.jar;C:\Users\moria\.m2\repository\org\wildfly\core\wildfly-embedded\6.0.2.Final\wildfly-embedded-6.0.2.Final.jar;C:\Users\moria\.m2\repository\org\wildfly\security\wildfly-elytron\1.6.0.Final\wildfly-elytron-1.6.0.Final.jar;C:\Users\moria\.m2\repository\org\jboss\logging\jboss-logging\3.3.2.Final\jboss-logging-3.3.2.Final.jar;C:\Users\moria\.m2\repository\org\jboss\remoting\jboss-remoting\5.0.8.Final\jboss-remoting-5.0.8.Final.jar;C:\Users\moria\.m2\repository\org\wildfly\client\wildfly-client-config\1.0.0.CR2\wildfly-client-config-1.0.0.CR2.jar;C:\Users\moria\.m2\repository\org\jboss\remotingjmx\remoting-jmx\3.0.0.Final\remoting-jmx-3.0.0.Final.jar;C:\Users\moria\.m2\repository\org\jboss\marshalling\jboss-marshalling\2.0.0.Final\jboss-marshalling-2.0.0.Final.jar;C:\Users\moria\.m2\repository\org\jboss\marshalling\jboss-marshalling-river\2.0.0.Final\jboss-marshalling-river-2.0.0.Final.jar;C:\Users\moria\.m2\repository\org\jboss\jboss-vfs\3.2.14.Final\jboss-vfs-3.2.14.Final.jar;C:\Users\moria\.m2\repository\org\jboss\stdio\jboss-stdio\1.0.2.GA\jboss-stdio-1.0.2.GA.jar;C:\Users\moria\.m2\repository\org\jboss\logmanager\jboss-logmanager\2.1.4.Final\jboss-logmanager-2.1.4.Final.jar;C:\Users\moria\.m2\repository\org\wildfly\core\wildfly-controller-client\6.0.2.Final\wildfly-controller-client-6.0.2.Final.jar;C:\Users\moria\.m2\repository\org\jboss\jboss-dmr\1.5.0.Final\jboss-dmr-1.5.0.Final.jar;C:\Users\moria\.m2\repository\org\jboss\threads\jboss-threads\2.3.2.Final\jboss-threads-2.3.2.Final.jar;C:\Users\moria\.m2\repository\org\wildfly\core\wildfly-launcher\6.0.2.Final\wildfly-launcher-6.0.2.Final.jar;C:\Users\moria\.m2\repository\org\wildfly\core\wildfly-protocol\6.0.2.Final\wildfly-protocol-6.0.2.Final.jar;C:\Users\moria\.m2\repository\org\jboss\xnio\xnio-api\3.6.5.Final\xnio-api-3.6.5.Final.jar;C:\Users\moria\.m2\repository\org\jboss\xnio\xnio-nio\3.6.5.Final\xnio-nio-3.6.5.Final.jar;C:\Users\moria\.m2\repository\org\wildfly\plugins\wildfly-plugin-core\2.0.2.Final\wildfly-plugin-core-2.0.2.Final.jar;"/>
    <property name="java.vm.vendor" value="Oracle Corporation"/>
    <property name="sun.arch.data.model" value="64"/>
    <property name="user.variant" value=""/>
    <property name="java.vendor.url" value="https://java.oracle.com/"/>
    <property name="user.timezone" value="America/New_York"/>
    <property name="os.name" value="Windows 10"/>
    <property name="java.vm.specification.version" value="14"/>
    <property name="sun.java.launcher" value="SUN_STANDARD"/>
    <property name="user.country" value="US"/>
    <property name="sun.boot.library.path" value="C:\Program Files\Java\jdk-14.0.1\bin"/>
    <property name="sun.java.command" value="C:\Users\moria\AppData\Local\Temp\surefire685504075015875011\surefirebooter904737510183632753.jar C:\Users\moria\AppData\Local\Temp\surefire685504075015875011 2020-06-28T21-34-47_990-jvmRun1 surefire1783644296968396022tmp surefire_09571552038411349755tmp"/>
    <property name="jdk.debug" value="release"/>
    <property name="surefire.test.class.path" value="C:\Users\moria\eclipse-workspace\FantasyFootball\target\test-classes;C:\Users\moria\eclipse-workspace\FantasyFootball\target\classes;C:\Users\moria\.m2\repository\org\junit\jupiter\junit-jupiter-engine\5.4.0\junit-jupiter-engine-5.4.0.jar;C:\Users\moria\.m2\repository\org\apiguardian\apiguardian-api\1.0.0\apiguardian-api-1.0.0.jar;C:\Users\moria\.m2\repository\org\junit\platform\junit-platform-engine\1.4.0\junit-platform-engine-1.4.0.jar;C:\Users\moria\.m2\repository\org\opentest4j\opentest4j\1.1.1\opentest4j-1.1.1.jar;C:\Users\moria\.m2\repository\org\junit\platform\junit-platform-commons\1.4.0\junit-platform-commons-1.4.0.jar;C:\Users\moria\.m2\repository\org\junit\jupiter\junit-jupiter-api\5.4.0\junit-jupiter-api-5.4.0.jar;C:\Users\moria\.m2\repository\org\postgresql\postgresql\42.2.12\postgresql-42.2.12.jar;C:\Users\moria\.m2\repository\org\apache\logging\log4j\log4j-api\2.13.3\log4j-api-2.13.3.jar;C:\Users\moria\.m2\repository\org\apache\logging\log4j\log4j-core\2.13.3\log4j-core-2.13.3.jar;C:\Users\moria\.m2\repository\org\glassfish\jersey\containers\jersey-container-servlet\2.31\jersey-container-servlet-2.31.jar;C:\Users\moria\.m2\repository\org\glassfish\jersey\containers\jersey-container-servlet-core\2.31\jersey-container-servlet-core-2.31.jar;C:\Users\moria\.m2\repository\org\glassfish\hk2\external\jakarta.inject\2.6.1\jakarta.inject-2.6.1.jar;C:\Users\moria\.m2\repository\org\glassfish\jersey\core\jersey-common\2.31\jersey-common-2.31.jar;C:\Users\moria\.m2\repository\jakarta\annotation\jakarta.annotation-api\1.3.5\jakarta.annotation-api-1.3.5.jar;C:\Users\moria\.m2\repository\org\glassfish\hk2\osgi-resource-locator\1.0.3\osgi-resource-locator-1.0.3.jar;C:\Users\moria\.m2\repository\com\sun\activation\jakarta.activation\1.2.2\jakarta.activation-1.2.2.jar;C:\Users\moria\.m2\repository\org\glassfish\jersey\core\jersey-server\2.31\jersey-server-2.31.jar;C:\Users\moria\.m2\repository\org\glassfish\jersey\core\jersey-client\2.31\jersey-client-2.31.jar;C:\Users\moria\.m2\repository\org\glassfish\jersey\media\jersey-media-jaxb\2.31\jersey-media-jaxb-2.31.jar;C:\Users\moria\.m2\repository\jakarta\validation\jakarta.validation-api\2.0.2\jakarta.validation-api-2.0.2.jar;C:\Users\moria\.m2\repository\jakarta\xml\bind\jakarta.xml.bind-api\2.3.3\jakarta.xml.bind-api-2.3.3.jar;C:\Users\moria\.m2\repository\jakarta\ws\rs\jakarta.ws.rs-api\2.1.6\jakarta.ws.rs-api-2.1.6.jar;C:\Users\moria\.m2\repository\org\glassfish\jersey\media\jersey-media-json-jackson\2.31\jersey-media-json-jackson-2.31.jar;C:\Users\moria\.m2\repository\org\glassfish\jersey\ext\jersey-entity-filtering\2.31\jersey-entity-filtering-2.31.jar;C:\Users\moria\.m2\repository\com\fasterxml\jackson\core\jackson-annotations\2.10.1\jackson-annotations-2.10.1.jar;C:\Users\moria\.m2\repository\com\fasterxml\jackson\core\jackson-databind\2.10.1\jackson-databind-2.10.1.jar;C:\Users\moria\.m2\repository\com\fasterxml\jackson\core\jackson-core\2.10.1\jackson-core-2.10.1.jar;C:\Users\moria\.m2\repository\com\fasterxml\jackson\module\jackson-module-jaxb-annotations\2.10.1\jackson-module-jaxb-annotations-2.10.1.jar;C:\Users\moria\.m2\repository\jakarta\activation\jakarta.activation-api\1.2.1\jakarta.activation-api-1.2.1.jar;C:\Users\moria\.m2\repository\org\glassfish\jersey\inject\jersey-hk2\2.31\jersey-hk2-2.31.jar;C:\Users\moria\.m2\repository\org\glassfish\hk2\hk2-locator\2.6.1\hk2-locator-2.6.1.jar;C:\Users\moria\.m2\repository\org\glassfish\hk2\external\aopalliance-repackaged\2.6.1\aopalliance-repackaged-2.6.1.jar;C:\Users\moria\.m2\repository\org\glassfish\hk2\hk2-api\2.6.1\hk2-api-2.6.1.jar;C:\Users\moria\.m2\repository\org\glassfish\hk2\hk2-utils\2.6.1\hk2-utils-2.6.1.jar;C:\Users\moria\.m2\repository\org\javassist\javassist\3.25.0-GA\javassist-3.25.0-GA.jar;C:\Users\moria\.m2\repository\org\wildfly\plugins\wildfly-maven-plugin\2.0.2.Final\wildfly-maven-plugin-2.0.2.Final.jar;C:\Users\moria\.m2\repository\javax\inject\javax.inject\1\javax.inject-1.jar;C:\Users\moria\.m2\repository\org\apache\commons\commons-compress\1.19\commons-compress-1.19.jar;C:\Users\moria\.m2\repository\org\apache\maven\maven-core\3.3.1\maven-core-3.3.1.jar;C:\Users\moria\.m2\repository\org\apache\maven\maven-model\3.3.1\maven-model-3.3.1.jar;C:\Users\moria\.m2\repository\org\apache\maven\maven-settings\3.3.1\maven-settings-3.3.1.jar;C:\Users\moria\.m2\repository\org\apache\maven\maven-settings-builder\3.3.1\maven-settings-builder-3.3.1.jar;C:\Users\moria\.m2\repository\org\apache\maven\maven-builder-support\3.3.1\maven-builder-support-3.3.1.jar;C:\Users\moria\.m2\repository\org\apache\maven\maven-repository-metadata\3.3.1\maven-repository-metadata-3.3.1.jar;C:\Users\moria\.m2\repository\org\apache\maven\maven-artifact\3.3.1\maven-artifact-3.3.1.jar;C:\Users\moria\.m2\repository\org\apache\maven\maven-model-builder\3.3.1\maven-model-builder-3.3.1.jar;C:\Users\moria\.m2\repository\com\google\guava\guava\18.0\guava-18.0.jar;C:\Users\moria\.m2\repository\org\apache\maven\maven-aether-provider\3.3.1\maven-aether-provider-3.3.1.jar;C:\Users\moria\.m2\repository\org\eclipse\aether\aether-spi\1.0.2.v20150114\aether-spi-1.0.2.v20150114.jar;C:\Users\moria\.m2\repository\org\eclipse\aether\aether-impl\1.0.2.v20150114\aether-impl-1.0.2.v20150114.jar;C:\Users\moria\.m2\repository\org\eclipse\aether\aether-util\1.0.2.v20150114\aether-util-1.0.2.v20150114.jar;C:\Users\moria\.m2\repository\org\eclipse\sisu\org.eclipse.sisu.plexus\0.3.0\org.eclipse.sisu.plexus-0.3.0.jar;C:\Users\moria\.m2\repository\javax\enterprise\cdi-api\1.0\cdi-api-1.0.jar;C:\Users\moria\.m2\repository\javax\annotation\jsr250-api\1.0\jsr250-api-1.0.jar;C:\Users\moria\.m2\repository\org\eclipse\sisu\org.eclipse.sisu.inject\0.3.0\org.eclipse.sisu.inject-0.3.0.jar;C:\Users\moria\.m2\repository\org\sonatype\sisu\sisu-guice\3.2.5\sisu-guice-3.2.5-no_aop.jar;C:\Users\moria\.m2\repository\aopalliance\aopalliance\1.0\aopalliance-1.0.jar;C:\Users\moria\.m2\repository\org\codehaus\plexus\plexus-interpolation\1.21\plexus-interpolation-1.21.jar;C:\Users\moria\.m2\repository\org\codehaus\plexus\plexus-utils\3.0.20\plexus-utils-3.0.20.jar;C:\Users\moria\.m2\repository\org\codehaus\plexus\plexus-classworlds\2.5.2\plexus-classworlds-2.5.2.jar;C:\Users\moria\.m2\repository\org\codehaus\plexus\plexus-component-annotations\1.5.5\plexus-component-annotations-1.5.5.jar;C:\Users\moria\.m2\repository\org\sonatype\plexus\plexus-sec-dispatcher\1.3\plexus-sec-dispatcher-1.3.jar;C:\Users\moria\.m2\repository\org\sonatype\plexus\plexus-cipher\1.4\plexus-cipher-1.4.jar;C:\Users\moria\.m2\repository\org\apache\maven\maven-plugin-api\3.3.1\maven-plugin-api-3.3.1.jar;C:\Users\moria\.m2\repository\org\eclipse\aether\aether-api\1.1.0\aether-api-1.1.0.jar;C:\Users\moria\.m2\repository\org\jboss\jdf\stacks-client\1.0.3.Final\stacks-client-1.0.3.Final.jar;C:\Users\moria\.m2\repository\org\yaml\snakeyaml\1.13\snakeyaml-1.13.jar;C:\Users\moria\.m2\repository\org\apache\httpcomponents\httpclient\4.0.1\httpclient-4.0.1.jar;C:\Users\moria\.m2\repository\org\apache\httpcomponents\httpcore\4.0.1\httpcore-4.0.1.jar;C:\Users\moria\.m2\repository\commons-logging\commons-logging\1.1.1\commons-logging-1.1.1.jar;C:\Users\moria\.m2\repository\commons-codec\commons-codec\1.3\commons-codec-1.3.jar;C:\Users\moria\.m2\repository\org\jboss\modules\jboss-modules\1.8.6.Final\jboss-modules-1.8.6.Final.jar;C:\Users\moria\.m2\repository\org\wildfly\core\wildfly-cli\6.0.2.Final\wildfly-cli-6.0.2.Final.jar;C:\Users\moria\.m2\repository\org\aesh\aesh-readline\1.10\aesh-readline-1.10.jar;C:\Users\moria\.m2\repository\org\fusesource\jansi\jansi\1.17\jansi-1.17.jar;C:\Users\moria\.m2\repository\org\aesh\aesh\1.7\aesh-1.7.jar;C:\Users\moria\.m2\repository\org\aesh\aesh-extensions\1.6\aesh-extensions-1.6.jar;C:\Users\moria\.m2\repository\org\jboss\staxmapper\1.3.0.Final\staxmapper-1.3.0.Final.jar;C:\Users\moria\.m2\repository\org\wildfly\common\wildfly-common\1.4.0.Final\wildfly-common-1.4.0.Final.jar;C:\Users\moria\.m2\repository\org\wildfly\core\wildfly-embedded\6.0.2.Final\wildfly-embedded-6.0.2.Final.jar;C:\Users\moria\.m2\repository\org\wildfly\security\wildfly-elytron\1.6.0.Final\wildfly-elytron-1.6.0.Final.jar;C:\Users\moria\.m2\repository\org\jboss\logging\jboss-logging\3.3.2.Final\jboss-logging-3.3.2.Final.jar;C:\Users\moria\.m2\repository\org\jboss\remoting\jboss-remoting\5.0.8.Final\jboss-remoting-5.0.8.Final.jar;C:\Users\moria\.m2\repository\org\wildfly\client\wildfly-client-config\1.0.0.CR2\wildfly-client-config-1.0.0.CR2.jar;C:\Users\moria\.m2\repository\org\jboss\remotingjmx\remoting-jmx\3.0.0.Final\remoting-jmx-3.0.0.Final.jar;C:\Users\moria\.m2\repository\org\jboss\marshalling\jboss-marshalling\2.0.0.Final\jboss-marshalling-2.0.0.Final.jar;C:\Users\moria\.m2\repository\org\jboss\marshalling\jboss-marshalling-river\2.0.0.Final\jboss-marshalling-river-2.0.0.Final.jar;C:\Users\moria\.m2\repository\org\jboss\jboss-vfs\3.2.14.Final\jboss-vfs-3.2.14.Final.jar;C:\Users\moria\.m2\repository\org\jboss\stdio\jboss-stdio\1.0.2.GA\jboss-stdio-1.0.2.GA.jar;C:\Users\moria\.m2\repository\org\jboss\logmanager\jboss-logmanager\2.1.4.Final\jboss-logmanager-2.1.4.Final.jar;C:\Users\moria\.m2\repository\org\wildfly\core\wildfly-controller-client\6.0.2.Final\wildfly-controller-client-6.0.2.Final.jar;C:\Users\moria\.m2\repository\org\jboss\jboss-dmr\1.5.0.Final\jboss-dmr-1.5.0.Final.jar;C:\Users\moria\.m2\repository\org\jboss\threads\jboss-threads\2.3.2.Final\jboss-threads-2.3.2.Final.jar;C:\Users\moria\.m2\repository\org\wildfly\core\wildfly-launcher\6.0.2.Final\wildfly-launcher-6.0.2.Final.jar;C:\Users\moria\.m2\repository\org\wildfly\core\wildfly-protocol\6.0.2.Final\wildfly-protocol-6.0.2.Final.jar;C:\Users\moria\.m2\repository\org\jboss\xnio\xnio-api\3.6.5.Final\xnio-api-3.6.5.Final.jar;C:\Users\moria\.m2\repository\org\jboss\xnio\xnio-nio\3.6.5.Final\xnio-nio-3.6.5.Final.jar;C:\Users\moria\.m2\repository\org\wildfly\plugins\wildfly-plugin-core\2.0.2.Final\wildfly-plugin-core-2.0.2.Final.jar;"/>
    <property name="sun.cpu.endian" value="little"/>
    <property name="user.home" value="C:\Users\moria"/>
    <property name="user.language" value="en"/>
    <property name="java.specification.vendor" value="Oracle Corporation"/>
    <property name="java.version.date" value="2020-04-14"/>
    <property name="java.home" value="C:\Program Files\Java\jdk-14.0.1"/>
    <property name="file.separator" value="\"/>
    <property name="basedir" value="C:\Users\moria\eclipse-workspace\FantasyFootball"/>
    <property name="java.vm.compressedOopsMode" value="Zero based"/>
    <property name="line.separator" value="&#10;"/>
    <property name="java.vm.specification.vendor" value="Oracle Corporation"/>
    <property name="java.specification.name" value="Java Platform API Specification"/>
    <property name="surefire.real.class.path" value="C:\Users\moria\AppData\Local\Temp\surefire685504075015875011\surefirebooter904737510183632753.jar"/>
    <property name="user.script" value=""/>
    <property name="sun.management.compiler" value="HotSpot 64-Bit Tiered Compilers"/>
    <property name="java.runtime.version" value="14.0.1+7"/>
    <property name="user.name" value="moria"/>
    <property name="path.separator" value=";"/>
    <property name="os.version" value="10.0"/>
    <property name="java.runtime.name" value="Java(TM) SE Runtime Environment"/>
    <property name="file.encoding" value="Cp1252"/>
    <property name="java.vm.name" value="Java HotSpot(TM) 64-Bit Server VM"/>
    <property name="localRepository" value="C:\Users\moria\.m2\repository"/>
    <property name="java.vendor.url.bug" value="https://bugreport.java.com/bugreport/"/>
    <property name="java.io.tmpdir" value="C:\Users\moria\AppData\Local\Temp\"/>
    <property name="java.version" value="14.0.1"/>
    <property name="user.dir" value="C:\Users\moria\eclipse-workspace\FantasyFootball"/>
    <property name="os.arch" value="amd64"/>
    <property name="java.vm.specification.name" value="Java Virtual Machine Specification"/>
    <property name="sun.os.patch.level" value=""/>
    <property name="java.library.path" value="C:\Program Files\Java\jdk-14.0.1\bin;C:\Windows\Sun\Java\bin;C:\Windows\system32;C:\Windows;C:/Program Files/Java/jdk-14.0.1/bin/server;C:/Program Files/Java/jdk-14.0.1/bin;C:\Python38\Scripts\;C:\Python38\;C:\Windows\system32;C:\Windows;C:\Windows\System32\Wbem;C:\Windows\System32\WindowsPowerShell\v1.0\;C:\Windows\System32\OpenSSH\;C:\Program Files\Git\cmd;C:\Program Files\Docker\Docker\resources\bin;C:\ProgramData\DockerDesktop\version-bin;C:\Program Files\dotnet\;C:\Program Files\Microsoft SQL Server\130\Tools\Binn\;C:\Program Files\Microsoft SQL Server\Client SDK\ODBC\170\Tools\Binn\;C:\Program Files\nodejs\;C:\ProgramData\chocolatey\bin;C:\Users\moria\AppData\Local\Microsoft\WindowsApps;;C:\Users\moria\AppData\Local\Programs\Microsoft VS Code\bin;C:\Users\moria\AppData\Roaming\npm;C:\Windows\System32;;."/>
    <property name="java.vm.info" value="mixed mode, sharing"/>
    <property name="java.vendor" value="Oracle Corporation"/>
    <property name="java.vm.version" value="14.0.1+7"/>
    <property name="sun.io.unicode.encoding" value="UnicodeLittle"/>
    <property name="java.class.version" value="58.0"/>
  </properties>
  <testcase name="getPasswordTest" classname="com.revature.fantasyfootball.model.UserTest" time="0"/>
  <testcase name="constructorTest" classname="com.revature.fantasyfootball.model.UserTest" time="0"/>
  <testcase name="getUsernameTest" classname="com.revature.fantasyfootball.model.UserTest" time="0"/>
</testsuite>